<?xml version="1.0" encoding="UTF-8"?>
<robot generator="Robot 4.1.1 (Python 3.9.7 on darwin)" generated="20220305 22:56:11.261" rpa="false" schemaversion="2">
<suite id="s1" name="Todo" source="/Users/pisitchuthongkum/Documents/Documents - Pisit’s MacBook Air/bluepi/Test/Todo.robot">
<kw name="Run Keyword" library="BuiltIn" type="SETUP">
<arg>Open Browser chrome</arg>
<doc>Executes the given keyword with the given arguments.</doc>
<kw name="Open Browser chrome" library="KeywordTodo">
<kw name="Open Browser" library="Selenium2Library">
<arg>${base_url}</arg>
<arg>chrome</arg>
<doc>Opens a new browser instance to the optional ``url``.</doc>
<msg timestamp="20220305 22:56:11.373" level="INFO">Opening browser 'chrome' to base url 'https://abhigyank.github.io/To-Do-List/'.</msg>
<status status="PASS" starttime="20220305 22:56:11.373" endtime="20220305 22:56:15.487"/>
</kw>
<kw name="Maximize Browser Window" library="Selenium2Library">
<doc>Maximizes current browser window.</doc>
<status status="PASS" starttime="20220305 22:56:15.488" endtime="20220305 22:56:15.614"/>
</kw>
<kw name="Set Selenium Speed" library="Selenium2Library">
<arg>0.5</arg>
<doc>Sets the delay that is waited after each Selenium command.</doc>
<status status="PASS" starttime="20220305 22:56:15.614" endtime="20220305 22:56:15.614"/>
</kw>
<status status="PASS" starttime="20220305 22:56:11.372" endtime="20220305 22:56:15.614"/>
</kw>
<status status="PASS" starttime="20220305 22:56:11.372" endtime="20220305 22:56:15.614"/>
</kw>
<test id="s1-t1" name="Scenario : Validate add item without specify info">
<kw name="I want validate Add item without specify info" library="KeywordTodo">
<kw name="Wait Until Page Contains" library="Selenium2Library">
<arg>To Do List</arg>
<arg>timeout=30</arg>
<arg>error=Not found</arg>
<doc>Waits until ``text`` appears on the current page.</doc>
<status status="PASS" starttime="20220305 22:56:15.615" endtime="20220305 22:56:16.211"/>
</kw>
<kw name="Mouse Over" library="Selenium2Library">
<arg>//*[@id="add-item"]/button/i</arg>
<doc>Simulates hovering the mouse over the element ``locator``.</doc>
<msg timestamp="20220305 22:56:16.211" level="INFO">Simulating Mouse Over on element '//*[@id="add-item"]/button/i'.</msg>
<status status="PASS" starttime="20220305 22:56:16.211" endtime="20220305 22:56:22.583"/>
</kw>
<kw name="Click Element" library="Selenium2Library">
<arg>//*[@id="add-item"]/button/i</arg>
<doc>Click the element identified by ``locator``.</doc>
<msg timestamp="20220305 22:56:22.583" level="INFO">Clicking element '//*[@id="add-item"]/button/i'.</msg>
<status status="PASS" starttime="20220305 22:56:22.583" endtime="20220305 22:56:23.651"/>
</kw>
<status status="PASS" starttime="20220305 22:56:15.615" endtime="20220305 22:56:23.651"/>
</kw>
<status status="PASS" starttime="20220305 22:56:15.615" endtime="20220305 22:56:23.651"/>
</test>
<test id="s1-t2" name="Scenario : Validate add item by specify language Thai">
<kw name="I want validate add item by specify language Thai" library="KeywordTodo">
<kw name="Input Text" library="Selenium2Library">
<arg>${txt-newtask}</arg>
<arg>${datanewtaskTH}</arg>
<doc>Types the given ``text`` into the text field identified by ``locator``.</doc>
<msg timestamp="20220305 22:56:23.652" level="INFO">Typing text 'สวัสดี' into text field 'id=new-task'.</msg>
<status status="PASS" starttime="20220305 22:56:23.652" endtime="20220305 22:56:25.359"/>
</kw>
<kw name="Mouse Over" library="Selenium2Library">
<arg>//*[@id="add-item"]/button/i</arg>
<doc>Simulates hovering the mouse over the element ``locator``.</doc>
<msg timestamp="20220305 22:56:25.359" level="INFO">Simulating Mouse Over on element '//*[@id="add-item"]/button/i'.</msg>
<status status="PASS" starttime="20220305 22:56:25.359" endtime="20220305 22:56:28.948"/>
</kw>
<kw name="Click Element" library="Selenium2Library">
<arg>//*[@id="add-item"]/button/i</arg>
<doc>Click the element identified by ``locator``.</doc>
<msg timestamp="20220305 22:56:28.949" level="INFO">Clicking element '//*[@id="add-item"]/button/i'.</msg>
<status status="PASS" starttime="20220305 22:56:28.948" endtime="20220305 22:56:30.024"/>
</kw>
<kw name="Click Link" library="Selenium2Library">
<arg>To-Do Tasks</arg>
<doc>Clicks a link identified by ``locator``.</doc>
<msg timestamp="20220305 22:56:30.025" level="INFO">Clicking link 'To-Do Tasks'.</msg>
<status status="PASS" starttime="20220305 22:56:30.025" endtime="20220305 22:56:31.633"/>
</kw>
<kw name="Wait Until Page Contains" library="Selenium2Library">
<arg>สวัสดี</arg>
<arg>timeout=30</arg>
<arg>error=Not found</arg>
<doc>Waits until ``text`` appears on the current page.</doc>
<status status="PASS" starttime="20220305 22:56:31.633" endtime="20220305 22:56:32.150"/>
</kw>
<status status="PASS" starttime="20220305 22:56:23.652" endtime="20220305 22:56:32.150"/>
</kw>
<status status="PASS" starttime="20220305 22:56:23.651" endtime="20220305 22:56:32.150"/>
</test>
<test id="s1-t3" name="Scenario : Validate add item by specify language Eng">
<kw name="I want validate add item by specify language Eng" library="KeywordTodo">
<kw name="Click Link" library="Selenium2Library">
<arg>Add Item</arg>
<doc>Clicks a link identified by ``locator``.</doc>
<msg timestamp="20220305 22:56:32.152" level="INFO">Clicking link 'Add Item'.</msg>
<status status="PASS" starttime="20220305 22:56:32.151" endtime="20220305 22:56:33.726"/>
</kw>
<kw name="Input Text" library="Selenium2Library">
<arg>${txt-newtask}</arg>
<arg>${datanewtaskEN}</arg>
<doc>Types the given ``text`` into the text field identified by ``locator``.</doc>
<msg timestamp="20220305 22:56:33.727" level="INFO">Typing text 'Hello' into text field 'id=new-task'.</msg>
<status status="PASS" starttime="20220305 22:56:33.727" endtime="20220305 22:56:35.279"/>
</kw>
<kw name="Mouse Over" library="Selenium2Library">
<arg>//*[@id="add-item"]/button/i</arg>
<doc>Simulates hovering the mouse over the element ``locator``.</doc>
<msg timestamp="20220305 22:56:35.280" level="INFO">Simulating Mouse Over on element '//*[@id="add-item"]/button/i'.</msg>
<status status="PASS" starttime="20220305 22:56:35.279" endtime="20220305 22:56:41.699"/>
</kw>
<kw name="Click Element" library="Selenium2Library">
<arg>//*[@id="add-item"]/button/i</arg>
<doc>Click the element identified by ``locator``.</doc>
<msg timestamp="20220305 22:56:41.699" level="INFO">Clicking element '//*[@id="add-item"]/button/i'.</msg>
<status status="PASS" starttime="20220305 22:56:41.699" endtime="20220305 22:56:42.747"/>
</kw>
<kw name="Click Link" library="Selenium2Library">
<arg>To-Do Tasks</arg>
<doc>Clicks a link identified by ``locator``.</doc>
<msg timestamp="20220305 22:56:42.747" level="INFO">Clicking link 'To-Do Tasks'.</msg>
<status status="PASS" starttime="20220305 22:56:42.747" endtime="20220305 22:56:44.286"/>
</kw>
<kw name="Wait Until Page Contains" library="Selenium2Library">
<arg>Hello</arg>
<arg>timeout=30</arg>
<arg>error=Not found</arg>
<doc>Waits until ``text`` appears on the current page.</doc>
<status status="PASS" starttime="20220305 22:56:44.286" endtime="20220305 22:56:44.800"/>
</kw>
<status status="PASS" starttime="20220305 22:56:32.151" endtime="20220305 22:56:44.800"/>
</kw>
<status status="PASS" starttime="20220305 22:56:32.151" endtime="20220305 22:56:44.800"/>
</test>
<test id="s1-t4" name="Scenario : Validate add item by specify spacial character">
<kw name="I want validate add item by specify spacial character" library="KeywordTodo">
<kw name="Click Link" library="Selenium2Library">
<arg>Add Item</arg>
<doc>Clicks a link identified by ``locator``.</doc>
<msg timestamp="20220305 22:56:44.801" level="INFO">Clicking link 'Add Item'.</msg>
<status status="PASS" starttime="20220305 22:56:44.801" endtime="20220305 22:56:46.340"/>
</kw>
<kw name="Input Text" library="Selenium2Library">
<arg>${txt-newtask}</arg>
<arg>${datanewtaskspacial}</arg>
<doc>Types the given ``text`` into the text field identified by ``locator``.</doc>
<msg timestamp="20220305 22:56:46.340" level="INFO">Typing text 'สวัสดีHello%^#&amp;(*($))?}|{&gt;}' into text field 'id=new-task'.</msg>
<status status="PASS" starttime="20220305 22:56:46.340" endtime="20220305 22:56:47.899"/>
</kw>
<kw name="Mouse Over" library="Selenium2Library">
<arg>//*[@id="add-item"]/button/i</arg>
<doc>Simulates hovering the mouse over the element ``locator``.</doc>
<msg timestamp="20220305 22:56:47.899" level="INFO">Simulating Mouse Over on element '//*[@id="add-item"]/button/i'.</msg>
<status status="PASS" starttime="20220305 22:56:47.899" endtime="20220305 22:56:54.323"/>
</kw>
<kw name="Click Element" library="Selenium2Library">
<arg>//*[@id="add-item"]/button/i</arg>
<doc>Click the element identified by ``locator``.</doc>
<msg timestamp="20220305 22:56:54.323" level="INFO">Clicking element '//*[@id="add-item"]/button/i'.</msg>
<status status="PASS" starttime="20220305 22:56:54.323" endtime="20220305 22:56:55.349"/>
</kw>
<kw name="Click Link" library="Selenium2Library">
<arg>To-Do Tasks</arg>
<doc>Clicks a link identified by ``locator``.</doc>
<msg timestamp="20220305 22:56:55.349" level="INFO">Clicking link 'To-Do Tasks'.</msg>
<status status="PASS" starttime="20220305 22:56:55.349" endtime="20220305 22:56:56.876"/>
</kw>
<kw name="Wait Until Page Contains" library="Selenium2Library">
<arg>สวัสดีHello%^#&amp;(*($))?}|{&gt;}</arg>
<arg>timeout=30</arg>
<arg>error=Not found</arg>
<doc>Waits until ``text`` appears on the current page.</doc>
<status status="PASS" starttime="20220305 22:56:56.876" endtime="20220305 22:56:57.389"/>
</kw>
<status status="PASS" starttime="20220305 22:56:44.801" endtime="20220305 22:56:57.390"/>
</kw>
<status status="PASS" starttime="20220305 22:56:44.800" endtime="20220305 22:56:57.391"/>
</test>
<test id="s1-t5" name="Scenario : Validate add item by specify Number">
<kw name="I want validate add item by specify Number" library="KeywordTodo">
<kw name="Click Link" library="Selenium2Library">
<arg>Add Item</arg>
<doc>Clicks a link identified by ``locator``.</doc>
<msg timestamp="20220305 22:56:57.396" level="INFO">Clicking link 'Add Item'.</msg>
<status status="PASS" starttime="20220305 22:56:57.395" endtime="20220305 22:56:58.952"/>
</kw>
<kw name="Input Text" library="Selenium2Library">
<arg>${txt-newtask}</arg>
<arg>${datanewtasknumber}</arg>
<doc>Types the given ``text`` into the text field identified by ``locator``.</doc>
<msg timestamp="20220305 22:56:58.955" level="INFO">Typing text '01234567890' into text field 'id=new-task'.</msg>
<status status="PASS" starttime="20220305 22:56:58.954" endtime="20220305 22:57:00.554"/>
</kw>
<kw name="Mouse Over" library="Selenium2Library">
<arg>//*[@id="add-item"]/button/i</arg>
<doc>Simulates hovering the mouse over the element ``locator``.</doc>
<msg timestamp="20220305 22:57:00.555" level="INFO">Simulating Mouse Over on element '//*[@id="add-item"]/button/i'.</msg>
<status status="PASS" starttime="20220305 22:57:00.554" endtime="20220305 22:57:01.838"/>
</kw>
<kw name="Click Element" library="Selenium2Library">
<arg>//*[@id="add-item"]/button/i</arg>
<doc>Click the element identified by ``locator``.</doc>
<msg timestamp="20220305 22:57:01.840" level="INFO">Clicking element '//*[@id="add-item"]/button/i'.</msg>
<status status="PASS" starttime="20220305 22:57:01.838" endtime="20220305 22:57:02.897"/>
</kw>
<kw name="Click Link" library="Selenium2Library">
<arg>To-Do Tasks</arg>
<doc>Clicks a link identified by ``locator``.</doc>
<msg timestamp="20220305 22:57:02.900" level="INFO">Clicking link 'To-Do Tasks'.</msg>
<status status="PASS" starttime="20220305 22:57:02.898" endtime="20220305 22:57:04.473"/>
</kw>
<kw name="Wait Until Page Contains" library="Selenium2Library">
<arg>01234567890</arg>
<arg>timeout=30</arg>
<arg>error=Not found</arg>
<doc>Waits until ``text`` appears on the current page.</doc>
<status status="PASS" starttime="20220305 22:57:04.474" endtime="20220305 22:57:05.001"/>
</kw>
<status status="PASS" starttime="20220305 22:56:57.394" endtime="20220305 22:57:05.003"/>
</kw>
<status status="PASS" starttime="20220305 22:56:57.393" endtime="20220305 22:57:05.003"/>
</test>
<test id="s1-t6" name="Scenario : Validate todo tasks then i select checkbox completed">
<kw name="I want validate todo tasks then i select checkbox completed" library="KeywordTodo">
<kw name="Checkbox Should Not Be Selected" library="Selenium2Library">
<arg>//*[@id="2"]</arg>
<doc>Verifies checkbox ``locator`` is not selected/checked.</doc>
<msg timestamp="20220305 22:57:05.008" level="INFO">Verifying checkbox '//*[@id="2"]' is not selected.</msg>
<status status="PASS" starttime="20220305 22:57:05.008" endtime="20220305 22:57:07.617"/>
</kw>
<kw name="Click Element" library="Selenium2Library">
<arg>id=text-2</arg>
<doc>Click the element identified by ``locator``.</doc>
<msg timestamp="20220305 22:57:07.619" level="INFO">Clicking element 'id=text-2'.</msg>
<status status="PASS" starttime="20220305 22:57:07.618" endtime="20220305 22:57:08.730"/>
</kw>
<kw name="Click Link" library="Selenium2Library">
<arg>Completed</arg>
<doc>Clicks a link identified by ``locator``.</doc>
<msg timestamp="20220305 22:57:08.732" level="INFO">Clicking link 'Completed'.</msg>
<status status="PASS" starttime="20220305 22:57:08.731" endtime="20220305 22:57:10.328"/>
</kw>
<kw name="Wait Until Page Contains" library="Selenium2Library">
<arg>Hello</arg>
<arg>timeout=30</arg>
<arg>error=Not found</arg>
<doc>Waits until ``text`` appears on the current page.</doc>
<status status="PASS" starttime="20220305 22:57:10.328" endtime="20220305 22:57:10.845"/>
</kw>
<status status="PASS" starttime="20220305 22:57:05.007" endtime="20220305 22:57:10.846"/>
</kw>
<status status="PASS" starttime="20220305 22:57:05.005" endtime="20220305 22:57:10.847"/>
</test>
<test id="s1-t7" name="Scenario : Validate todo tasks then i press delete completed">
<kw name="I want validate todo tasks then i press delete completed" library="KeywordTodo">
<kw name="Click Link" library="Selenium2Library">
<arg>To-Do Tasks</arg>
<doc>Clicks a link identified by ``locator``.</doc>
<msg timestamp="20220305 22:57:10.852" level="INFO">Clicking link 'To-Do Tasks'.</msg>
<status status="PASS" starttime="20220305 22:57:10.851" endtime="20220305 22:57:12.435"/>
</kw>
<kw name="Wait Until Page Contains" library="Selenium2Library">
<arg>สวัสดีHello%^#&amp;(*($))?}|{&gt;}</arg>
<arg>timeout=30</arg>
<arg>error=Not found</arg>
<doc>Waits until ``text`` appears on the current page.</doc>
<status status="PASS" starttime="20220305 22:57:12.436" endtime="20220305 22:57:12.959"/>
</kw>
<kw name="Click Element" library="Selenium2Library">
<arg>//*[@id="2"]/span</arg>
<doc>Click the element identified by ``locator``.</doc>
<msg timestamp="20220305 22:57:12.961" level="INFO">Clicking element '//*[@id="2"]/span'.</msg>
<status status="PASS" starttime="20220305 22:57:12.960" endtime="20220305 22:57:14.050"/>
</kw>
<kw name="Wait Until Page Does Not Contain" library="Selenium2Library">
<arg>สวัสดีHello%^#&amp;(*($))?}|{&gt;}</arg>
<arg>timeout=30</arg>
<arg>error=Not found</arg>
<doc>Waits until ``text`` disappears from the current page.</doc>
<status status="PASS" starttime="20220305 22:57:14.051" endtime="20220305 22:57:14.573"/>
</kw>
<status status="PASS" starttime="20220305 22:57:10.850" endtime="20220305 22:57:14.574"/>
</kw>
<status status="PASS" starttime="20220305 22:57:10.848" endtime="20220305 22:57:14.575"/>
</test>
<test id="s1-t8" name="Scenario : Validate complete tasks existing">
<kw name="I want validate complete tasks existing" library="KeywordTodo">
<kw name="Wait Until Page Contains" library="Selenium2Library">
<arg>สวัสดี</arg>
<arg>timeout=30</arg>
<arg>error=Not found</arg>
<doc>Waits until ``text`` appears on the current page.</doc>
<status status="PASS" starttime="20220305 22:57:14.579" endtime="20220305 22:57:15.100"/>
</kw>
<kw name="Wait Until Page Contains" library="Selenium2Library">
<arg>01234567890</arg>
<arg>timeout=30</arg>
<arg>error=Not found</arg>
<doc>Waits until ``text`` appears on the current page.</doc>
<status status="PASS" starttime="20220305 22:57:15.101" endtime="20220305 22:57:15.620"/>
</kw>
<kw name="Click Link" library="Selenium2Library">
<arg>Completed</arg>
<doc>Clicks a link identified by ``locator``.</doc>
<msg timestamp="20220305 22:57:15.623" level="INFO">Clicking link 'Completed'.</msg>
<status status="PASS" starttime="20220305 22:57:15.621" endtime="20220305 22:57:17.199"/>
</kw>
<status status="PASS" starttime="20220305 22:57:14.578" endtime="20220305 22:57:17.200"/>
</kw>
<status status="PASS" starttime="20220305 22:57:14.576" endtime="20220305 22:57:17.201"/>
</test>
<test id="s1-t9" name="Scenario : Validate complete tasks then i press delete completed">
<kw name="I want validate complete tasks then i press delete completed" library="KeywordTodo">
<kw name="Wait Until Page Contains" library="Selenium2Library">
<arg>Hello</arg>
<arg>timeout=30</arg>
<arg>error=Not found</arg>
<doc>Waits until ``text`` appears on the current page.</doc>
<status status="PASS" starttime="20220305 22:57:17.205" endtime="20220305 22:57:17.723"/>
</kw>
<kw name="Get WebElements" library="Selenium2Library">
<var>${x}</var>
<arg>//*[@id="1"]</arg>
<doc>Returns a list of WebElement objects matching the ``locator``.</doc>
<msg timestamp="20220305 22:57:18.253" level="INFO">${x} = [&lt;selenium.webdriver.remote.webelement.WebElement (session="25c99f98f9f7f45064870108debb6110", element="23c4fd35-f10d-4ca4-8f94-b1b85dd27619")&gt;, &lt;selenium.webdriver.remote.webelement.WebElement (sessi...</msg>
<status status="PASS" starttime="20220305 22:57:17.724" endtime="20220305 22:57:18.254"/>
</kw>
<kw name="Sleep" library="BuiltIn">
<arg>1</arg>
<doc>Pauses the test executed for the given time.</doc>
<msg timestamp="20220305 22:57:19.257" level="INFO">Slept 1 second</msg>
<status status="PASS" starttime="20220305 22:57:18.254" endtime="20220305 22:57:19.257"/>
</kw>
<kw name="Click Button" library="Selenium2Library">
<arg>${x}</arg>
<doc>Clicks the button identified by ``locator``.</doc>
<msg timestamp="20220305 22:57:19.260" level="INFO">Clicking button '[&lt;selenium.webdriver.remote.webelement.WebElement (session="25c99f98f9f7f45064870108debb6110", element="23c4fd35-f10d-4ca4-8f94-b1b85dd27619")&gt;, &lt;selenium.webdriver.remote.webelement.WebElement (session="25c99f98f9f7f45064870108debb6110", element="ddc651c7-c123-4938-b1cd-1f58fb399184")&gt;, &lt;selenium.webdriver.remote.webelement.WebElement (session="25c99f98f9f7f45064870108debb6110", element="9104c9eb-d30d-4f18-953c-7fa2048145e8")&gt;]'.</msg>
<status status="PASS" starttime="20220305 22:57:19.258" endtime="20220305 22:57:19.813"/>
</kw>
<kw name="Sleep" library="BuiltIn">
<arg>3</arg>
<doc>Pauses the test executed for the given time.</doc>
<msg timestamp="20220305 22:57:22.816" level="INFO">Slept 3 seconds</msg>
<status status="PASS" starttime="20220305 22:57:19.814" endtime="20220305 22:57:22.817"/>
</kw>
<kw name="Wait Until Page Does Not Contain" library="Selenium2Library">
<arg>Hello</arg>
<arg>timeout=5</arg>
<arg>error=Not found</arg>
<doc>Waits until ``text`` disappears from the current page.</doc>
<status status="PASS" starttime="20220305 22:57:22.818" endtime="20220305 22:57:23.340"/>
</kw>
<status status="PASS" starttime="20220305 22:57:17.204" endtime="20220305 22:57:23.341"/>
</kw>
<status status="PASS" starttime="20220305 22:57:17.202" endtime="20220305 22:57:23.341"/>
</test>
<kw name="Close All Browsers" library="Selenium2Library" type="TEARDOWN">
<doc>Closes all open browsers and resets the browser cache.</doc>
<status status="PASS" starttime="20220305 22:57:23.345" endtime="20220305 22:57:23.915"/>
</kw>
<status status="PASS" starttime="20220305 22:56:11.262" endtime="20220305 22:57:23.915"/>
</suite>
<statistics>
<total>
<stat pass="9" fail="0" skip="0">All Tests</stat>
</total>
<tag>
</tag>
<suite>
<stat pass="9" fail="0" skip="0" id="s1" name="Todo">Todo</stat>
</suite>
</statistics>
<errors>
</errors>
</robot>
